<?xml version="1.0" encoding="UTF-8"?>
<testsuite xmlns:xsi="http://www.w3.org/2001/XMLSchema-instance" xsi:noNamespaceSchemaLocation="https://maven.apache.org/surefire/maven-surefire-plugin/xsd/surefire-test-report.xsd" name="org.apache.seata.TestApplication" time="7.548" tests="2" errors="1" skipped="0" failures="0">
  <properties>
[...]
</properties>
  <testcase name="testDelBigHashKey" classname="org.apache.seata.TestApplication" time="0.215">
    <error type="java.lang.NullPointerException">java.lang.NullPointerException
	at org.apache.seata.TestApplication.preparHashTestData(TestApplication.java:105)
	at org.apache.seata.TestApplication.testDelBigHashKey(TestApplication.java:101)
</error>
    <system-out><![CDATA[2024-12-11 16:17:17.102 [main] INFO  o.s.b.t.c.SpringBootTestContextBootstrapper - Neither @ContextConfiguration nor @ContextHierarchy found for test class [org.apache.seata.TestApplication], using SpringBootContextLoader
2024-12-11 16:17:17.107 [main] INFO  o.s.t.c.s.AbstractContextLoader - Could not detect default resource locations for test class [org.apache.seata.TestApplication]: no resource found for suffixes {-context.xml, Context.groovy}.
2024-12-11 16:17:17.107 [main] INFO  o.s.t.c.s.AnnotationConfigContextLoaderUtils - Could not detect default configuration classes for test class [org.apache.seata.TestApplication]: TestApplication does not declare any static, non-private, non-final, nested classes annotated with @Configuration.
2024-12-11 16:17:17.235 [main] INFO  o.s.b.t.c.SpringBootTestContextBootstrapper - Found @SpringBootConfiguration org.apache.seata.SpringbootSeataApplication for test class org.apache.seata.TestApplication
2024-12-11 16:17:17.299 [main] INFO  o.s.b.t.c.SpringBootTestContextBootstrapper - Loaded default TestExecutionListener class names from location [META-INF/spring.factories]: [org.springframework.boot.test.mock.mockito.MockitoTestExecutionListener, org.springframework.boot.test.mock.mockito.ResetMocksTestExecutionListener, org.springframework.boot.test.autoconfigure.restdocs.RestDocsTestExecutionListener, org.springframework.boot.test.autoconfigure.web.client.MockRestServiceServerResetTestExecutionListener, org.springframework.boot.test.autoconfigure.web.servlet.MockMvcPrintOnlyOnFailureTestExecutionListener, org.springframework.boot.test.autoconfigure.web.servlet.WebDriverTestExecutionListener, org.springframework.boot.test.autoconfigure.webservices.client.MockWebServiceServerTestExecutionListener, org.springframework.test.context.web.ServletTestExecutionListener, org.springframework.test.context.support.DirtiesContextBeforeModesTestExecutionListener, org.springframework.test.context.event.ApplicationEventsTestExecutionListener, org.springframework.test.context.support.DependencyInjectionTestExecutionListener, org.springframework.test.context.support.DirtiesContextTestExecutionListener, org.springframework.test.context.transaction.TransactionalTestExecutionListener, org.springframework.test.context.jdbc.SqlScriptsTestExecutionListener, org.springframework.test.context.event.EventPublishingTestExecutionListener]
2024-12-11 16:17:17.312 [main] INFO  o.s.b.t.c.SpringBootTestContextBootstrapper - Using TestExecutionListeners: [org.springframework.test.context.web.ServletTestExecutionListener@7f284218, org.springframework.test.context.support.DirtiesContextBeforeModesTestExecutionListener@407a7f2a, org.springframework.test.context.event.ApplicationEventsTestExecutionListener@4ea5b703, org.springframework.boot.test.mock.mockito.MockitoTestExecutionListener@2a7ed1f, org.springframework.boot.test.autoconfigure.SpringBootDependencyInjectionTestExecutionListener@3fa247d1, org.springframework.test.context.support.DirtiesContextTestExecutionListener@2cb2fc20, org.springframework.test.context.transaction.TransactionalTestExecutionListener@4f4c4b1a, org.springframework.test.context.jdbc.SqlScriptsTestExecutionListener@723e88f9, org.springframework.test.context.event.EventPublishingTestExecutionListener@5f0fd5a0, org.springframework.boot.test.mock.mockito.ResetMocksTestExecutionListener@64e7619d, org.springframework.boot.test.autoconfigure.restdocs.RestDocsTestExecutionListener@495ee280, org.springframework.boot.test.autoconfigure.web.client.MockRestServiceServerResetTestExecutionListener@4fa1c212, org.springframework.boot.test.autoconfigure.web.servlet.MockMvcPrintOnlyOnFailureTestExecutionListener@6ea2bc93, org.springframework.boot.test.autoconfigure.web.servlet.WebDriverTestExecutionListener@3116c353, org.springframework.boot.test.autoconfigure.webservices.client.MockWebServiceServerTestExecutionListener@f627d13]

  .   ____          _            __ _ _
 /\\ / ___'_ __ _ _(_)_ __  __ _ \ \ \ \
( ( )\___ | '_ | '_| | '_ \/ _` | \ \ \ \
 \\/  ___)| |_)| | | | | || (_| |  ) ) ) )
  '  |____| .__|_| |_|_| |_\__, | / / / /
 =========|_|==============|___/=/_/_/_/
 :: Spring Boot ::                (v2.7.0)

2024-12-11 16:17:17.603 [main] INFO  org.apache.seata.TestApplication - Starting TestApplication using Java 1.8.0_321 on PC00130308 with PID 9496 (started by songrenjie in D:\项目\后端自研\seata购物模拟\incubator-seata-samples-master\at-sample\springboot-mybatis-seata)
2024-12-11 16:17:17.604 [main] INFO  org.apache.seata.TestApplication - No active profile set, falling back to 1 default profile: "default"
2024-12-11 16:17:19.101 [main] INFO  o.s.c.s.PostProcessorRegistrationDelegate$BeanPostProcessorChecker - Bean 'org.apache.seata.spring.boot.autoconfigure.SeataCoreAutoConfiguration' of type [org.apache.seata.spring.boot.autoconfigure.SeataCoreAutoConfiguration] is not eligible for getting processed by all BeanPostProcessors (for example: not eligible for auto-proxying)
2024-12-11 16:17:19.109 [main] INFO  o.s.c.s.PostProcessorRegistrationDelegate$BeanPostProcessorChecker - Bean 'springApplicationContextProvider' of type [org.apache.seata.spring.boot.autoconfigure.provider.SpringApplicationContextProvider] is not eligible for getting processed by all BeanPostProcessors (for example: not eligible for auto-proxying)
2024-12-11 16:17:19.112 [main] INFO  o.s.c.s.PostProcessorRegistrationDelegate$BeanPostProcessorChecker - Bean 'org.apache.seata.spring.boot.autoconfigure.SeataAutoConfiguration' of type [org.apache.seata.spring.boot.autoconfigure.SeataAutoConfiguration] is not eligible for getting processed by all BeanPostProcessors (for example: not eligible for auto-proxying)
2024-12-11 16:17:19.178 [main] INFO  o.s.c.s.PostProcessorRegistrationDelegate$BeanPostProcessorChecker - Bean 'failureHandler' of type [org.apache.seata.tm.api.DefaultFailureHandlerImpl] is not eligible for getting processed by all BeanPostProcessors (for example: not eligible for auto-proxying)
2024-12-11 16:17:19.227 [main] INFO  o.s.c.s.PostProcessorRegistrationDelegate$BeanPostProcessorChecker - Bean 'springCloudAlibabaConfiguration' of type [org.apache.seata.spring.boot.autoconfigure.properties.SpringCloudAlibabaConfiguration] is not eligible for getting processed by all BeanPostProcessors (for example: not eligible for auto-proxying)
2024-12-11 16:17:19.233 [main] INFO  o.s.c.s.PostProcessorRegistrationDelegate$BeanPostProcessorChecker - Bean 'seataProperties' of type [org.apache.seata.spring.boot.autoconfigure.properties.SeataProperties] is not eligible for getting processed by all BeanPostProcessors (for example: not eligible for auto-proxying)
2024-12-11 16:17:19.237 [main] INFO  o.a.s.s.b.a.SeataAutoConfiguration - Automatically configure Seata
2024-12-11 16:17:19.279 [main] INFO  o.a.s.c.l.EnhancedServiceLoader$InnerEnhancedServiceLoader - Load compatible class io.seata.spring.annotation.ScannerChecker
2024-12-11 16:17:19.415 [main] INFO  o.a.s.c.l.EnhancedServiceLoader$InnerEnhancedServiceLoader - Ignore load compatible class io.seata.config.ExtConfigurationProvider, because is not assignable from origin type org.apache.seata.config.ExtConfigurationProvider
2024-12-11 16:17:19.429 [main] INFO  o.a.s.config.ConfigurationFactory - load Configuration from :Spring Configuration
2024-12-11 16:17:19.481 [main] INFO  o.a.s.c.l.EnhancedServiceLoader$InnerEnhancedServiceLoader - Load compatible class io.seata.integration.tx.api.remoting.RemotingParser
2024-12-11 16:17:19.482 [main] INFO  o.a.s.s.a.GlobalTransactionScanner - Initializing Global Transaction Clients ... 
2024-12-11 16:17:19.482 [main] WARN  o.a.s.s.a.GlobalTransactionScanner - the default value of seata.tx-service-group: my_test_tx_group has already changed to default_tx_group since Seata 1.5, please change your default configuration as soon as possible and we don't recommend you to use default tx-service-group's value provided by seata
2024-12-11 16:17:19.871 [main] INFO  o.a.s.c.l.EnhancedServiceLoader$InnerEnhancedServiceLoader - Load compatible class io.seata.core.auth.AuthSigner
2024-12-11 16:17:19.880 [main] INFO  o.a.s.c.r.netty.NettyClientBootstrap - NettyClientBootstrap has started
2024-12-11 16:17:19.884 [main] INFO  o.a.s.d.registry.RegistryFactory - use registry center type: file
2024-12-11 16:17:19.887 [main] INFO  o.a.s.c.l.EnhancedServiceLoader$InnerEnhancedServiceLoader - Load compatible class io.seata.discovery.registry.RegistryProvider
2024-12-11 16:17:19.892 [main] INFO  o.a.s.c.r.n.NettyClientChannelManager - will connect to 127.0.0.1:8091
2024-12-11 16:17:20.106 [main] INFO  o.a.s.c.r.netty.NettyPoolableFactory - NettyPool create channel to transactionRole:TMROLE,address:127.0.0.1:8091,msg:< RegisterTMRequest{version='2.1.0', applicationId='springboot-mybatis-seata', transactionServiceGroup='my_test_tx_group', extraData='ak=null
digest=my_test_tx_group,10.72.159.248,1733905040104
timestamp=1733905040104
authVersion=V4
vgroup=my_test_tx_group
ip=10.72.159.248
'} >
2024-12-11 16:17:21.023 [NettyClientSelector_TMROLE_1_1] INFO  o.a.s.c.l.EnhancedServiceLoader$InnerEnhancedServiceLoader - Load compatible class io.seata.core.serializer.Serializer
2024-12-11 16:17:21.045 [main] INFO  o.a.s.c.r.n.TmNettyRemotingClient - register TM success. client version:2.1.0, server version:2.2.0,channel:[id: 0x8b25a33e, L:/127.0.0.1:50408 - R:/127.0.0.1:8091]
2024-12-11 16:17:21.052 [main] INFO  o.a.s.c.r.netty.NettyPoolableFactory - register success, cost 52 ms, version:2.2.0,role:TMROLE,channel:[id: 0x8b25a33e, L:/127.0.0.1:50408 - R:/127.0.0.1:8091]
2024-12-11 16:17:21.052 [main] INFO  o.a.s.s.a.GlobalTransactionScanner - Transaction Manager Client is initialized. applicationId[springboot-mybatis-seata] txServiceGroup[my_test_tx_group]
2024-12-11 16:17:21.066 [main] INFO  o.a.s.c.l.EnhancedServiceLoader$InnerEnhancedServiceLoader - Load compatible class io.seata.core.model.ResourceManager
2024-12-11 16:17:21.068 [main] INFO  o.a.seata.rm.datasource.AsyncWorker - Async Commit Buffer Limit: 10000
2024-12-11 16:17:21.069 [main] INFO  o.a.s.r.d.xa.ResourceManagerXA - ResourceManagerXA init ...
2024-12-11 16:17:21.075 [main] INFO  o.a.s.c.r.netty.NettyClientBootstrap - NettyClientBootstrap has started
2024-12-11 16:17:21.075 [main] INFO  o.a.s.s.a.GlobalTransactionScanner - Resource Manager is initialized. applicationId[springboot-mybatis-seata] txServiceGroup[my_test_tx_group]
2024-12-11 16:17:21.075 [main] INFO  o.a.s.s.a.GlobalTransactionScanner - Global Transaction Clients are initialized. 
2024-12-11 16:17:21.104 [main] INFO  o.a.s.s.a.GlobalTransactionScanner - The needed enhancement business beans are : [businessServiceImpl]
2024-12-11 16:17:21.125 [main] INFO  o.a.s.c.l.EnhancedServiceLoader$InnerEnhancedServiceLoader - Load compatible class io.seata.core.context.ContextCore
2024-12-11 16:17:21.484 [main] INFO  com.zaxxer.hikari.HikariDataSource - HikariPool-1 - Starting...
2024-12-11 16:17:21.753 [main] INFO  com.zaxxer.hikari.HikariDataSource - HikariPool-1 - Start completed.
2024-12-11 16:17:21.911 [main] INFO  o.a.s.c.r.n.NettyClientChannelManager - will connect to 127.0.0.1:8091
2024-12-11 16:17:21.912 [main] INFO  o.a.s.c.r.n.RmNettyRemotingClient - RM will register :jdbc:mysql://127.0.0.1:3306/seata_server
2024-12-11 16:17:21.912 [main] INFO  o.a.s.c.r.netty.NettyPoolableFactory - NettyPool create channel to transactionRole:RMROLE,address:127.0.0.1:8091,msg:< RegisterRMRequest{resourceIds='jdbc:mysql://127.0.0.1:3306/seata_server', version='2.1.0', applicationId='springboot-mybatis-seata', transactionServiceGroup='my_test_tx_group', extraData='null'} >
2024-12-11 16:17:21.930 [main] INFO  o.a.s.c.r.n.RmNettyRemotingClient - register RM success. client version:2.1.0, server version:2.2.0,channel:[id: 0xc8856b0a, L:/127.0.0.1:50419 - R:/127.0.0.1:8091]
2024-12-11 16:17:21.931 [main] INFO  o.a.s.c.r.netty.NettyPoolableFactory - register success, cost 12 ms, version:2.2.0,role:RMROLE,channel:[id: 0xc8856b0a, L:/127.0.0.1:50419 - R:/127.0.0.1:8091]
2024-12-11 16:17:21.937 [main] INFO  o.a.s.s.a.d.SeataAutoDataSourceProxyCreator - Auto proxy data source 'dataSource' by 'AT' mode.
2024-12-11 16:17:22.410 [main] INFO  o.a.s.s.a.GlobalTransactionScanner - Bean [org.apache.seata.service.impl.BusinessServiceImpl] with name [businessServiceImpl] would use interceptor [org.apache.seata.integration.tx.api.interceptor.handler.GlobalTransactionalInterceptorHandler]
2024-12-11 16:17:23.908 [main] INFO  org.apache.seata.TestApplication - Started TestApplication in 6.567 seconds (JVM running for 7.687)
]]></system-out>
  </testcase>
  <testcase name="contextLoads" classname="org.apache.seata.TestApplication" time="0.342"/>
</testsuite>